e:\nextcloud\hochschule\cpp-development\dominic\createdxwindow\createdxwindow\x64\debug\createdxwindow.pch
e:\nextcloud\hochschule\cpp-development\dominic\createdxwindow\createdxwindow\x64\debug\vc141.pdb
e:\nextcloud\hochschule\cpp-development\dominic\createdxwindow\createdxwindow\x64\debug\vc141.idb
e:\nextcloud\hochschule\cpp-development\dominic\createdxwindow\createdxwindow\x64\debug\stdafx.obj
e:\nextcloud\hochschule\cpp-development\dominic\createdxwindow\createdxwindow\x64\debug\createdxwindow.obj
e:\nextcloud\hochschule\cpp-development\dominic\createdxwindow\createdxwindow\x64\debug\renderer.obj
e:\nextcloud\hochschule\cpp-development\dominic\createdxwindow\x64\debug\ps.cso
e:\nextcloud\hochschule\cpp-development\dominic\createdxwindow\x64\debug\vs.cso
e:\nextcloud\hochschule\cpp-development\dominic\createdxwindow\x64\debug\createdxwindow.ilk
e:\nextcloud\hochschule\cpp-development\dominic\createdxwindow\x64\debug\createdxwindow.exe
e:\nextcloud\hochschule\cpp-development\dominic\createdxwindow\x64\debug\createdxwindow.pdb
e:\nextcloud\hochschule\cpp-development\dominic\createdxwindow\createdxwindow\x64\debug\createdxwindow.res
e:\nextcloud\hochschule\cpp-development\dominic\createdxwindow\createdxwindow\x64\debug\createdxwindow.tlog\cl.command.1.tlog
e:\nextcloud\hochschule\cpp-development\dominic\createdxwindow\createdxwindow\x64\debug\createdxwindow.tlog\cl.read.1.tlog
e:\nextcloud\hochschule\cpp-development\dominic\createdxwindow\createdxwindow\x64\debug\createdxwindow.tlog\cl.write.1.tlog
e:\nextcloud\hochschule\cpp-development\dominic\createdxwindow\createdxwindow\x64\debug\createdxwindow.tlog\createdxwindow.write.1u.tlog
e:\nextcloud\hochschule\cpp-development\dominic\createdxwindow\createdxwindow\x64\debug\createdxwindow.tlog\fxc.command.1.tlog
e:\nextcloud\hochschule\cpp-development\dominic\createdxwindow\createdxwindow\x64\debug\createdxwindow.tlog\fxc.read.1.tlog
e:\nextcloud\hochschule\cpp-development\dominic\createdxwindow\createdxwindow\x64\debug\createdxwindow.tlog\fxc.write.1.tlog
e:\nextcloud\hochschule\cpp-development\dominic\createdxwindow\createdxwindow\x64\debug\createdxwindow.tlog\link.command.1.tlog
e:\nextcloud\hochschule\cpp-development\dominic\createdxwindow\createdxwindow\x64\debug\createdxwindow.tlog\link.read.1.tlog
e:\nextcloud\hochschule\cpp-development\dominic\createdxwindow\createdxwindow\x64\debug\createdxwindow.tlog\link.write.1.tlog
e:\nextcloud\hochschule\cpp-development\dominic\createdxwindow\createdxwindow\x64\debug\createdxwindow.tlog\rc.command.1.tlog
e:\nextcloud\hochschule\cpp-development\dominic\createdxwindow\createdxwindow\x64\debug\createdxwindow.tlog\rc.read.1.tlog
e:\nextcloud\hochschule\cpp-development\dominic\createdxwindow\createdxwindow\x64\debug\createdxwindow.tlog\rc.write.1.tlog
